2019-11-27 16:13:06 method: common.ZipTools.unzipFolder(ZipTools.java:61) - [ INFO ]----==========unzip start : C:\Users\U6079438\Desktop\PDP==============
2019-11-27 16:13:06 method: common.ZipTools.unzipFolder(ZipTools.java:70) - [ INFO ]----==========unzip end : C:\Users\U6079438\Desktop\PDP==============
2019-11-27 16:13:06 method: common.FileUtils.moveGzFiles(FileUtils.java:66) - [ INFO ]----==========moveGzFiles start : C:\Users\U6079438\Desktop\PDP==============
2019-11-27 16:13:06 method: common.FileUtils.moveGzFiles(FileUtils.java:75) - [ INFO ]----==========moveGzFiles end : C:\Users\U6079438\Desktop\PDP\gz==============
2019-11-27 16:20:05 method: common.ZipTools.unzipFolder(ZipTools.java:61) - [ INFO ]----unzip start : C:\Users\U6079438\Desktop\PDP
2019-11-27 16:20:05 method: common.ZipTools.unzipFolder(ZipTools.java:70) - [ INFO ]----unzip end : C:\Users\U6079438\Desktop\PDP
2019-11-27 16:20:05 method: common.FileUtils.moveGzFiles(FileUtils.java:66) - [ INFO ]----moveGzFiles start : C:\Users\U6079438\Desktop\PDP
2019-11-27 16:20:05 method: common.FileUtils.moveGzFiles(FileUtils.java:75) - [ INFO ]----moveGzFiles end : C:\Users\U6079438\Desktop\PDP\gz
2019-11-27 16:21:29 method: common.ZipTools.unzipFolder(ZipTools.java:61) - [ INFO ]----unzip start : C:\Users\U6079438\Desktop\PDP
2019-11-27 16:21:34 method: common.ZipTools.unzipFolder(ZipTools.java:67) - [ INFO ]----C:\Users\U6079438\Desktop\PDP\RDC2018082500000008.FUL.gz
2019-11-27 16:21:37 method: common.ZipTools.unzipFolder(ZipTools.java:67) - [ INFO ]----C:\Users\U6079438\Desktop\PDP\RDC2018082500002007.FUL.gz
2019-11-27 16:21:41 method: common.ZipTools.unzipFolder(ZipTools.java:67) - [ INFO ]----C:\Users\U6079438\Desktop\PDP\RDC2018082500002173.FUL.gz
2019-11-27 16:21:41 method: common.ZipTools.unzipFolder(ZipTools.java:70) - [ INFO ]----unzip end : C:\Users\U6079438\Desktop\PDP
2019-11-27 16:21:41 method: common.FileUtils.moveGzFiles(FileUtils.java:66) - [ INFO ]----moveGzFiles start : C:\Users\U6079438\Desktop\PDP
2019-11-27 16:21:41 method: common.FileUtils.moveGzFiles(FileUtils.java:72) - [ INFO ]----C:\Users\U6079438\Desktop\PDP\RDC2018082500000008.FUL.gz to C:\Users\U6079438\Desktop\PDP\gz\RDC2018082500000008.FUL.gz
2019-11-27 16:21:41 method: common.FileUtils.moveGzFiles(FileUtils.java:72) - [ INFO ]----C:\Users\U6079438\Desktop\PDP\RDC2018082500002007.FUL.gz to C:\Users\U6079438\Desktop\PDP\gz\RDC2018082500002007.FUL.gz
2019-11-27 16:21:41 method: common.FileUtils.moveGzFiles(FileUtils.java:72) - [ INFO ]----C:\Users\U6079438\Desktop\PDP\RDC2018082500002173.FUL.gz to C:\Users\U6079438\Desktop\PDP\gz\RDC2018082500002173.FUL.gz
2019-11-27 16:21:41 method: common.FileUtils.moveGzFiles(FileUtils.java:75) - [ INFO ]----moveGzFiles end : C:\Users\U6079438\Desktop\PDP\gz
2019-11-27 16:21:41 method: fileparse.SDIFileInsertProcessor.process(SDIFileInsertProcessor.java:46) - [ INFO ]----当前解析文件{}RDC2018082500000008.FUL    uuid{}e4a3c7c9-6550-4edb-8c60-9864c8d57a8e
2019-11-27 16:27:44 method: common.ZipTools.unzipFolder(ZipTools.java:61) - [ INFO ]----unzip start : C:\Users\U6079438\Desktop\PDP
2019-11-27 16:27:44 method: common.ZipTools.unzipFolder(ZipTools.java:70) - [ INFO ]----unzip end : C:\Users\U6079438\Desktop\PDP
2019-11-27 16:27:44 method: common.FileUtils.moveGzFiles(FileUtils.java:66) - [ INFO ]----moveGzFiles start : C:\Users\U6079438\Desktop\PDP
2019-11-27 16:27:44 method: common.FileUtils.moveGzFiles(FileUtils.java:75) - [ INFO ]----moveGzFiles end : C:\Users\U6079438\Desktop\PDP\gz
2019-11-27 16:27:49 method: fileparse.SDIFileInsertProcessor.process(SDIFileInsertProcessor.java:46) - [ INFO ]----当前解析文件{}RDC2018082500000008.FUL    uuid{}812493d1-7ccb-41b9-9acc-30271ffcbef7
2019-11-27 16:53:04 method: common.ZipTools.unzipFolder(ZipTools.java:61) - [ INFO ]----unzip start : C:\Users\U6079438\Desktop\PDP
2019-11-27 16:53:04 method: common.ZipTools.unzipFolder(ZipTools.java:70) - [ INFO ]----unzip end : C:\Users\U6079438\Desktop\PDP
2019-11-27 16:53:04 method: common.FileUtils.moveGzFiles(FileUtils.java:68) - [ INFO ]----moveGzFiles start : C:\Users\U6079438\Desktop\PDP
2019-11-27 16:53:04 method: common.FileUtils.moveGzFiles(FileUtils.java:77) - [ INFO ]----moveGzFiles end : C:\Users\U6079438\Desktop\PDP\gz
2019-11-27 16:53:04 method: fileparse.SDIFileInsertProcessor.process(SDIFileInsertProcessor.java:45) - [ INFO ]----当前解析文件{}RDC2018082500000008.FUL    uuid{}491d7557-b683-4614-b630-c3c501966e75
2019-11-27 16:53:04 method: fileparse.SDIFileInsertProcessor.process(SDIFileInsertProcessor.java:56) - [ INFO ]----insert DB thread number{}8
2019-11-27 16:56:51 method: common.ZipTools.unzipFolder(ZipTools.java:61) - [ INFO ]----unzip start : C:\Users\U6079438\Desktop\PDP
2019-11-27 16:56:51 method: common.ZipTools.unzipFolder(ZipTools.java:70) - [ INFO ]----unzip end : C:\Users\U6079438\Desktop\PDP
2019-11-27 16:56:51 method: common.FileUtils.moveGzFiles(FileUtils.java:68) - [ INFO ]----moveGzFiles start : C:\Users\U6079438\Desktop\PDP
2019-11-27 16:56:51 method: common.FileUtils.moveGzFiles(FileUtils.java:77) - [ INFO ]----moveGzFiles end : C:\Users\U6079438\Desktop\PDP\gz
2019-11-27 16:56:51 method: fileparse.SDIFileInsertProcessor.process(SDIFileInsertProcessor.java:45) - [ INFO ]----当前解析文件{}RDC2017042690819617.DAT    uuid{}b9bff823-818e-42f2-9042-62d8a618c7ab
2019-11-27 16:56:51 method: fileparse.SDIFileInsertProcessor.process(SDIFileInsertProcessor.java:56) - [ INFO ]----insert DB thread number{}8
2019-11-27 16:56:57 method: fileparse.SDIFileInsertProcessor.process(SDIFileInsertProcessor.java:66) - [ INFO ]----解析的property标签数量：0
2019-11-27 16:56:57 method: fileparse.SDIFileInsertProcessor.process(SDIFileInsertProcessor.java:67) - [ INFO ]----插入数据库的数据条数：0
2019-11-27 16:56:57 method: fileparse.SDIFileInsertProcessor.process(SDIFileInsertProcessor.java:69) - [ INFO ]----===========文件解析入库完成==============
2019-11-27 17:14:38 method: common.ZipTools.unzipFolder(ZipTools.java:61) - [ INFO ]----unzip start : C:\Users\U6079438\Desktop\PDP
2019-11-27 17:14:38 method: common.ZipTools.unzipFolder(ZipTools.java:70) - [ INFO ]----unzip end : C:\Users\U6079438\Desktop\PDP
2019-11-27 17:14:38 method: common.FileUtils.moveGzFiles(FileUtils.java:68) - [ INFO ]----moveGzFiles start : C:\Users\U6079438\Desktop\PDP
2019-11-27 17:14:38 method: common.FileUtils.moveGzFiles(FileUtils.java:77) - [ INFO ]----moveGzFiles end : C:\Users\U6079438\Desktop\PDP\gz
2019-11-27 17:14:38 method: fileparse.SDIFileInsertProcessor.process(SDIFileInsertProcessor.java:45) - [ INFO ]----当前解析文件{}RDC2017042690819617.DAT    uuid{}18bde5c6-9159-4eba-b3c1-663325bbdcb3
2019-11-27 17:14:39 method: fileparse.SDIFileInsertProcessor.process(SDIFileInsertProcessor.java:56) - [ INFO ]----insert DB thread number{}8
2019-11-27 17:14:44 method: fileparse.SDIFileInsertProcessor.process(SDIFileInsertProcessor.java:66) - [ INFO ]----解析的property标签数量：0
2019-11-27 17:14:44 method: fileparse.SDIFileInsertProcessor.process(SDIFileInsertProcessor.java:67) - [ INFO ]----插入数据库的数据条数：0
2019-11-27 17:14:44 method: fileparse.SDIFileInsertProcessor.process(SDIFileInsertProcessor.java:69) - [ INFO ]----===========文件解析入库完成==============
2019-11-27 17:17:00 method: common.ZipTools.unzipFolder(ZipTools.java:61) - [ INFO ]----unzip start : C:\Users\U6079438\Desktop\PDP
2019-11-27 17:17:00 method: common.ZipTools.unzipFolder(ZipTools.java:70) - [ INFO ]----unzip end : C:\Users\U6079438\Desktop\PDP
2019-11-27 17:17:00 method: common.FileUtils.moveGzFiles(FileUtils.java:68) - [ INFO ]----moveGzFiles start : C:\Users\U6079438\Desktop\PDP
2019-11-27 17:17:00 method: common.FileUtils.moveGzFiles(FileUtils.java:77) - [ INFO ]----moveGzFiles end : C:\Users\U6079438\Desktop\PDP\gz
2019-11-27 17:17:01 method: fileparse.SDIFileInsertProcessor.process(SDIFileInsertProcessor.java:45) - [ INFO ]----当前解析文件{}RDC2017042690819617.DAT    uuid{}b55d860b-acb9-4cdc-adb9-cc07df090ac2
2019-11-27 17:17:01 method: fileparse.SDIFileInsertProcessor.process(SDIFileInsertProcessor.java:56) - [ INFO ]----insert DB thread number{}8
2019-11-27 17:17:07 method: fileparse.SDIFileInsertProcessor.process(SDIFileInsertProcessor.java:66) - [ INFO ]----解析的property标签数量：20541
2019-11-27 17:17:07 method: fileparse.SDIFileInsertProcessor.process(SDIFileInsertProcessor.java:67) - [ INFO ]----插入数据库的数据条数：20541
2019-11-27 17:17:07 method: fileparse.SDIFileInsertProcessor.process(SDIFileInsertProcessor.java:69) - [ INFO ]----===========文件解析入库完成==============
2019-11-27 17:29:22 method: common.ZipTools.unzipFolder(ZipTools.java:61) - [ INFO ]----unzip start : C:\Users\U6079438\Desktop\PDP
2019-11-27 17:29:22 method: common.ZipTools.unzipFolder(ZipTools.java:70) - [ INFO ]----unzip end : C:\Users\U6079438\Desktop\PDP
2019-11-27 17:29:22 method: common.FileUtils.moveGzFiles(FileUtils.java:68) - [ INFO ]----moveGzFiles start : C:\Users\U6079438\Desktop\PDP
2019-11-27 17:29:22 method: common.FileUtils.moveGzFiles(FileUtils.java:77) - [ INFO ]----moveGzFiles end : C:\Users\U6079438\Desktop\PDP\gz
2019-11-27 17:29:28 method: fileparse.SDIFileInsertProcessor.process(SDIFileInsertProcessor.java:45) - [ INFO ]----当前解析文件{}RDC2017042690819617.DAT    uuid{}206c20e7-7b27-4929-96a5-e654ab337801
2019-11-27 17:29:45 method: fileparse.SDIFileInsertProcessor.process(SDIFileInsertProcessor.java:56) - [ INFO ]----insert DB thread number{}8
2019-11-27 17:42:20 method: common.ZipTools.unzipFolder(ZipTools.java:61) - [ INFO ]----unzip start : C:\Users\U6079438\Desktop\PDP
2019-11-27 17:42:20 method: common.ZipTools.unzipFolder(ZipTools.java:70) - [ INFO ]----unzip end : C:\Users\U6079438\Desktop\PDP
2019-11-27 17:42:20 method: common.FileUtils.moveGzFiles(FileUtils.java:68) - [ INFO ]----moveGzFiles start : C:\Users\U6079438\Desktop\PDP
2019-11-27 17:42:20 method: common.FileUtils.moveGzFiles(FileUtils.java:77) - [ INFO ]----moveGzFiles end : C:\Users\U6079438\Desktop\PDP\gz
2019-11-27 17:42:20 method: fileparse.SDIFileInsertProcessor.process(SDIFileInsertProcessor.java:45) - [ INFO ]----当前解析文件{}RDC2017042690819617.DAT    uuid{}889da5e5-3851-44b0-a954-9ea1a73b4878
2019-11-27 17:43:11 method: fileparse.SDIFileInsertProcessor.process(SDIFileInsertProcessor.java:56) - [ INFO ]----insert DB thread number{}8
